<?xml version="1.0" encoding="utf-8"?><testsuites name="pytest tests"><testsuite name="pytest" errors="0" failures="0" skipped="0" tests="15" time="4.791" timestamp="2026-04-21T14:09:09.070778+00:00" hostname="agent-env-1ed7d384-1791-4c5e-808c-1ac152944e15"><testcase classname="backend.tests.test_simutrade.TestHealth" name="test_backend_reachable" time="0.320" /><testcase classname="backend.tests.test_simutrade.TestAuth" name="test_register_existing_email" time="0.483" /><testcase classname="backend.tests.test_simutrade.TestAuth" name="test_login_success" time="0.291" /><testcase classname="backend.tests.test_simutrade.TestAuth" name="test_login_wrong_password" time="0.282" /><testcase classname="backend.tests.test_simutrade.TestAuth" name="test_get_me" time="0.109" /><testcase classname="backend.tests.test_simutrade.TestAuth" name="test_admin_login" time="0.283" /><testcase classname="backend.tests.test_simutrade.TestAuth" name="test_onboarding" time="0.347" /><testcase classname="backend.tests.test_simutrade.TestMarket" name="test_get_quotes" time="2.079" /><testcase classname="backend.tests.test_simutrade.TestMarket" name="test_get_history" time="0.167" /><testcase classname="backend.tests.test_simutrade.TestTrading" name="test_open_position" time="0.053" /><testcase classname="backend.tests.test_simutrade.TestTrading" name="test_get_open_positions" time="0.050" /><testcase classname="backend.tests.test_simutrade.TestTrading" name="test_close_position" time="0.097" /><testcase classname="backend.tests.test_simutrade.TestTrading" name="test_trade_history" time="0.048" /><testcase classname="backend.tests.test_simutrade.TestTrading" name="test_invalid_direction" time="0.045" /><testcase classname="backend.tests.test_simutrade.TestPortfolio" name="test_portfolio_summary" time="0.048" /></testsuite></testsuites>